# JRE version: Java(TM) SE Runtime Environment (8.0_291-b10) (build 1.8.0_291-b10)
# Java VM: Java HotSpot(TM) 64-Bit Server VM (25.291-b10 mixed mode windows-amd64 compressed oops)
Heap:
 PSYoungGen      total 928768K, used 780064K [0x000000076b000000, 0x00000007c0000000, 0x00000007c0000000)
  eden space 464896K, 100% used [0x000000076b000000,0x0000000787600000,0x0000000787600000)
  from space 463872K, 67% used [0x00000007a3b00000,0x00000007b6ec8000,0x00000007c0000000)
  to   space 463872K, 57% used [0x0000000787600000,0x0000000797c98000,0x00000007a3b00000)
 ParOldGen       total 1767424K, used 1532266K [0x00000006c1000000, 0x000000072ce00000, 0x000000076b000000)
  object space 1767424K, 86% used [0x00000006c1000000,0x000000071e85a890,0x000000072ce00000)
 Metaspace       used 16294K, capacity 17372K, committed 17536K, reserved 1064960K
  class space    used 2326K, capacity 2574K, committed 2688K, reserved 1048576K
GC Heap History (10 events):
Event: 430.325 GC heap after
Heap after GC invocations=676 (full 9):
 PSYoungGen      total 928768K, used 315200K [0x000000076b000000, 0x00000007c0000000, 0x00000007c0000000)
  eden space 464896K, 0% used [0x000000076b000000,0x000000076b000000,0x0000000787600000)
  from space 463872K, 67% used [0x0000000787600000,0x000000079a9d0000,0x00000007a3b00000)
  to   space 463872K, 0% used [0x00000007a3b00000,0x00000007a3b00000,0x00000007c0000000)
 ParOldGen       total 1057792K, used 417516K [0x00000006c1000000, 0x0000000701900000, 0x000000076b000000)
  object space 1057792K, 39% used [0x00000006c1000000,0x00000006da7bb168,0x0000000701900000)
 Metaspace       used 16294K, capacity 17372K, committed 17536K, reserved 1064960K
  class space    used 2326K, capacity 2574K, committed 2688K, reserved 1048576K
}
Event: 432.251 GC heap before
{Heap before GC invocations=677 (full 9):
 PSYoungGen      total 928768K, used 780096K [0x000000076b000000, 0x00000007c0000000, 0x00000007c0000000)
  eden space 464896K, 100% used [0x000000076b000000,0x0000000787600000,0x0000000787600000)
  from space 463872K, 67% used [0x0000000787600000,0x000000079a9d0000,0x00000007a3b00000)
  to   space 463872K, 0% used [0x00000007a3b00000,0x00000007a3b00000,0x00000007c0000000)
 ParOldGen       total 1057792K, used 417516K [0x00000006c1000000, 0x0000000701900000, 0x000000076b000000)
  object space 1057792K, 39% used [0x00000006c1000000,0x00000006da7bb168,0x0000000701900000)
 Metaspace       used 16294K, capacity 17372K, committed 17536K, reserved 1064960K
  class space    used 2326K, capacity 2574K, committed 2688K, reserved 1048576K
Event: 433.263 GC heap after
Heap after GC invocations=677 (full 9):
 PSYoungGen      total 928768K, used 315296K [0x000000076b000000, 0x00000007c0000000, 0x00000007c0000000)
  eden space 464896K, 0% used [0x000000076b000000,0x000000076b000000,0x0000000787600000)
  from space 463872K, 67% used [0x00000007a3b00000,0x00000007b6ee8000,0x00000007c0000000)
  to   space 463872K, 0% used [0x0000000787600000,0x0000000787600000,0x00000007a3b00000)
 ParOldGen       total 1057792K, used 734300K [0x00000006c1000000, 0x0000000701900000, 0x000000076b000000)
  object space 1057792K, 69% used [0x00000006c1000000,0x00000006edd17168,0x0000000701900000)
 Metaspace       used 16294K, capacity 17372K, committed 17536K, reserved 1064960K
  class space    used 2326K, capacity 2574K, committed 2688K, reserved 1048576K
}
Event: 433.263 GC heap before
{Heap before GC invocations=678 (full 10):
 PSYoungGen      total 928768K, used 315296K [0x000000076b000000, 0x00000007c0000000, 0x00000007c0000000)
  eden space 464896K, 0% used [0x000000076b000000,0x000000076b000000,0x0000000787600000)
  from space 463872K, 67% used [0x00000007a3b00000,0x00000007b6ee8000,0x00000007c0000000)
  to   space 463872K, 0% used [0x0000000787600000,0x0000000787600000,0x00000007a3b00000)
 ParOldGen       total 1057792K, used 734300K [0x00000006c1000000, 0x0000000701900000, 0x000000076b000000)
  object space 1057792K, 69% used [0x00000006c1000000,0x00000006edd17168,0x0000000701900000)
 Metaspace       used 16294K, capacity 17372K, committed 17536K, reserved 1064960K
  class space    used 2326K, capacity 2574K, committed 2688K, reserved 1048576K
Event: 435.346 GC heap after
Heap after GC invocations=678 (full 10):
 PSYoungGen      total 928768K, used 0K [0x000000076b000000, 0x00000007c0000000, 0x00000007c0000000)
  eden space 464896K, 0% used [0x000000076b000000,0x000000076b000000,0x0000000787600000)
  from space 463872K, 0% used [0x00000007a3b00000,0x00000007a3b00000,0x00000007c0000000)
  to   space 463872K, 0% used [0x0000000787600000,0x0000000787600000,0x00000007a3b00000)
 ParOldGen       total 1767424K, used 1045981K [0x00000006c1000000, 0x000000072ce00000, 0x000000076b000000)
  object space 1767424K, 59% used [0x00000006c1000000,0x0000000700d777b8,0x000000072ce00000)
 Metaspace       used 16294K, capacity 17372K, committed 17536K, reserved 1064960K
  class space    used 2326K, capacity 2574K, committed 2688K, reserved 1048576K
}
Event: 437.359 GC heap before
{Heap before GC invocations=679 (full 10):
 PSYoungGen      total 928768K, used 464896K [0x000000076b000000, 0x00000007c0000000, 0x00000007c0000000)
  eden space 464896K, 100% used [0x000000076b000000,0x0000000787600000,0x0000000787600000)
  from space 463872K, 0% used [0x00000007a3b00000,0x00000007a3b00000,0x00000007c0000000)
  to   space 463872K, 0% used [0x0000000787600000,0x0000000787600000,0x00000007a3b00000)
 ParOldGen       total 1767424K, used 1045981K [0x00000006c1000000, 0x000000072ce00000, 0x000000076b000000)
  object space 1767424K, 59% used [0x00000006c1000000,0x0000000700d777b8,0x000000072ce00000)
 Metaspace       used 16294K, capacity 17372K, committed 17536K, reserved 1064960K
  class space    used 2326K, capacity 2574K, committed 2688K, reserved 1048576K
Event: 437.577 GC heap after
Heap after GC invocations=679 (full 10):
 PSYoungGen      total 928768K, used 287508K [0x000000076b000000, 0x00000007c0000000, 0x00000007c0000000)
  eden space 464896K, 0% used [0x000000076b000000,0x000000076b000000,0x0000000787600000)
  from space 463872K, 61% used [0x0000000787600000,0x0000000798ec50d8,0x00000007a3b00000)
  to   space 463872K, 0% used [0x00000007a3b00000,0x00000007a3b00000,0x00000007c0000000)
 ParOldGen       total 1767424K, used 1045981K [0x00000006c1000000, 0x000000072ce00000, 0x000000076b000000)
  object space 1767424K, 59% used [0x00000006c1000000,0x0000000700d777b8,0x000000072ce00000)
 Metaspace       used 16294K, capacity 17372K, committed 17536K, reserved 1064960K
  class space    used 2326K, capacity 2574K, committed 2688K, reserved 1048576K
}
Event: 439.512 GC heap before
{Heap before GC invocations=680 (full 10):
 PSYoungGen      total 928768K, used 752404K [0x000000076b000000, 0x00000007c0000000, 0x00000007c0000000)
  eden space 464896K, 100% used [0x000000076b000000,0x0000000787600000,0x0000000787600000)
  from space 463872K, 61% used [0x0000000787600000,0x0000000798ec50d8,0x00000007a3b00000)
  to   space 463872K, 0% used [0x00000007a3b00000,0x00000007a3b00000,0x00000007c0000000)
 ParOldGen       total 1767424K, used 1045981K [0x00000006c1000000, 0x000000072ce00000, 0x000000076b000000)
  object space 1767424K, 59% used [0x00000006c1000000,0x0000000700d777b8,0x000000072ce00000)
 Metaspace       used 16294K, capacity 17372K, committed 17536K, reserved 1064960K
  class space    used 2326K, capacity 2574K, committed 2688K, reserved 1048576K
Event: 439.772 GC heap after
Heap after GC invocations=680 (full 10):
 PSYoungGen      total 928768K, used 315168K [0x000000076b000000, 0x00000007c0000000, 0x00000007c0000000)
  eden space 464896K, 0% used [0x000000076b000000,0x000000076b000000,0x0000000787600000)
  from space 463872K, 67% used [0x00000007a3b00000,0x00000007b6ec8000,0x00000007c0000000)
  to   space 463872K, 0% used [0x0000000787600000,0x0000000787600000,0x00000007a3b00000)
 ParOldGen       total 1767424K, used 1335658K [0x00000006c1000000, 0x000000072ce00000, 0x000000076b000000)
  object space 1767424K, 75% used [0x00000006c1000000,0x000000071285a890,0x000000072ce00000)
 Metaspace       used 16294K, capacity 17372K, committed 17536K, reserved 1064960K
  class space    used 2326K, capacity 2574K, committed 2688K, reserved 1048576K
}
Event: 441.711 GC heap before
{Heap before GC invocations=681 (full 10):
 PSYoungGen      total 928768K, used 780064K [0x000000076b000000, 0x00000007c0000000, 0x00000007c0000000)
  eden space 464896K, 100% used [0x000000076b000000,0x0000000787600000,0x0000000787600000)
  from space 463872K, 67% used [0x00000007a3b00000,0x00000007b6ec8000,0x00000007c0000000)
  to   space 463872K, 0% used [0x0000000787600000,0x0000000787600000,0x00000007a3b00000)
 ParOldGen       total 1767424K, used 1335658K [0x00000006c1000000, 0x000000072ce00000, 0x000000076b000000)
  object space 1767424K, 75% used [0x00000006c1000000,0x000000071285a890,0x000000072ce00000)
 Metaspace       used 16294K, capacity 17372K, committed 17536K, reserved 1064960K
  class space    used 2326K, capacity 2574K, committed 2688K, reserved 1048576K

